
Thu 14 Mar 2024 08:23:32 PM UTC: 
 exercises.c | 9 ++++++++-
 1 file changed, 8 insertions(+), 1 deletion(-)
 tests:  0|6
total_score: 10/70
c6aa561
Thu 14 Mar 2024 08:27:14 PM UTC: 
 exercises.c | 10 +++++++++-
 1 file changed, 9 insertions(+), 1 deletion(-)
 tests:  0|6
total_score: 10/70
6ba5955
Thu 14 Mar 2024 08:28:09 PM UTC: 
 exercises.c | 4 ++--
 1 file changed, 2 insertions(+), 2 deletions(-)
 tests:  0|6
total_score: 10/70
90f293e
Thu 14 Mar 2024 08:28:47 PM UTC: 
 exercises.c | 2 +-
 1 file changed, 1 insertion(+), 1 deletion(-)
 tests:  0|6
total_score: 10/70
dfaa382
Thu 14 Mar 2024 08:29:59 PM UTC: 
 exercises.c | 6 +++---
 1 file changed, 3 insertions(+), 3 deletions(-)
 tests:  0|6
total_score: 10/70
9529475
Thu 14 Mar 2024 08:30:33 PM UTC: 
 exercises.c | 1 +
 1 file changed, 1 insertion(+)
 tests:  0|6
total_score: 10/70
4c959a4
Thu 14 Mar 2024 08:31:22 PM UTC: 
 exercises.c | 2 +-
 1 file changed, 1 insertion(+), 1 deletion(-)
 tests:  0|5
total_score: 20/70
8814213
Thu 14 Mar 2024 08:35:28 PM UTC: 
 exercises.c | 12 +++++++++++-
 1 file changed, 11 insertions(+), 1 deletion(-)
In file included from test.c:1:
exercises.c: In function ‘filterEvenNumbers’:
exercises.c:44:7: error: array size missing in ‘arrayNuevo’
   44 |   int arrayNuevo[];
      |       ^~~~~~~~~~
exercises.c:48:17: error: array subscript is not an integer
   48 |       arrayNuevo[newSize] = arr[i];
      |                 ^
exercises.c:52:10: error: function returns address of local variable [-Werror=return-local-addr]
   52 |   return arrayNuevo;
      |          ^~~~~~~~~~
cc1: all warnings being treated as errors
Compilation failed
59c597b
Thu 14 Mar 2024 08:36:16 PM UTC: 
 exercises.c | 2 +-
 1 file changed, 1 insertion(+), 1 deletion(-)
In file included from test.c:1:
exercises.c: In function ‘filterEvenNumbers’:
exercises.c:48:17: error: array subscript is not an integer
   48 |       arrayNuevo[newSize] = arr[i];
      |                 ^
Compilation failed
f50a37d
Thu 14 Mar 2024 08:37:47 PM UTC: 
 exercises.c | 4 ++--
 1 file changed, 2 insertions(+), 2 deletions(-)
In file included from test.c:1:
exercises.c: In function ‘filterEvenNumbers’:
exercises.c:48:17: error: array subscript is not an integer
   48 |       arrayNuevo[newSize] = arr[i];
      |                 ^
exercises.c:52:10: error: function returns address of local variable [-Werror=return-local-addr]
   52 |   return arrayNuevo;
      |          ^~~~~~~~~~
cc1: all warnings being treated as errors
Compilation failed
01d724f
Thu 14 Mar 2024 08:38:18 PM UTC: 
 exercises.c | 2 +-
 1 file changed, 1 insertion(+), 1 deletion(-)
In file included from test.c:1:
exercises.c: In function ‘filterEvenNumbers’:
exercises.c:45:7: error: size of array ‘arrayNuevo’ has non-integer type
   45 |   int arrayNuevo[newSize];
      |       ^~~~~~~~~~
exercises.c:48:17: error: array subscript is not an integer
   48 |       arrayNuevo[newSize] = arr[i];
      |                 ^
exercises.c:52:10: error: function returns address of local variable [-Werror=return-local-addr]
   52 |   return arrayNuevo;
      |          ^~~~~~~~~~
cc1: all warnings being treated as errors
Compilation failed
0f76629
Thu 14 Mar 2024 08:39:05 PM UTC: 
 exercises.c | 3 ++-
 1 file changed, 2 insertions(+), 1 deletion(-)
In file included from test.c:1:
exercises.c: In function ‘filterEvenNumbers’:
exercises.c:49:17: error: array subscript is not an integer
   49 |       arrayNuevo[newSize] = arr[i];
      |                 ^
Compilation failed
8791de5
Thu 14 Mar 2024 08:39:30 PM UTC: 
 exercises.c | 2 +-
 1 file changed, 1 insertion(+), 1 deletion(-)
 tests:  0|0
828b081
Thu 14 Mar 2024 08:39:50 PM UTC: 
 exercises.c | 2 +-
 1 file changed, 1 insertion(+), 1 deletion(-)
 tests:  0|0
665f2c6
Thu 14 Mar 2024 08:40:32 PM UTC: 
 exercises.c | 6 +++---
 1 file changed, 3 insertions(+), 3 deletions(-)
 tests:  0|4
total_score: 30/70
8edd776
Thu 14 Mar 2024 08:44:04 PM UTC: 
 exercises.c | 13 ++++++++++++-
 1 file changed, 12 insertions(+), 1 deletion(-)
test.c: In function ‘mergeSortedArrays’:
test.c:382:5: error: ‘main’ is normally a non-static function [-Werror=main]
  382 | int main(int argc, char *argv[]) {
      |     ^~~~
test.c:410:1: error: expected declaration or statement at end of input
  410 | }
      | ^
test.c:7:6: error: unused variable ‘msg’ [-Werror=unused-variable]
    7 | char msg[300];
      |      ^~~
At top level:
test.c:382:5: error: ‘main’ defined but not used [-Werror=unused-function]
  382 | int main(int argc, char *argv[]) {
      |     ^~~~
test.c:47:6: error: ‘readIntArray’ defined but not used [-Werror=unused-function]
   47 | void readIntArray(int arr[], int *size) {
      |      ^~~~~~~~~~~~
cc1: all warnings being treated as errors
Compilation failed
2036efe
Thu 14 Mar 2024 08:45:32 PM UTC: 
 exercises.c | 6 +++---
 1 file changed, 3 insertions(+), 3 deletions(-)
 tests:  0|4
total_score: 30/70
5da9772
Thu 14 Mar 2024 08:49:46 PM UTC: 
 exercises.c | 6 +++---
 1 file changed, 3 insertions(+), 3 deletions(-)
test.c: In function ‘mergeSortedArrays’:
test.c:382:5: error: ‘main’ is normally a non-static function [-Werror=main]
  382 | int main(int argc, char *argv[]) {
      |     ^~~~
test.c:410:1: error: expected declaration or statement at end of input
  410 | }
      | ^
test.c:7:6: error: unused variable ‘msg’ [-Werror=unused-variable]
    7 | char msg[300];
      |      ^~~
At top level:
test.c:382:5: error: ‘main’ defined but not used [-Werror=unused-function]
  382 | int main(int argc, char *argv[]) {
      |     ^~~~
test.c:47:6: error: ‘readIntArray’ defined but not used [-Werror=unused-function]
   47 | void readIntArray(int arr[], int *size) {
      |      ^~~~~~~~~~~~
cc1: all warnings being treated as errors
Compilation failed
95e5da7
Thu 14 Mar 2024 09:03:17 PM UTC: 
 exercises.c | 18 ++++++++++++++++--
 1 file changed, 16 insertions(+), 2 deletions(-)
In file included from test.c:1:
exercises.c: In function ‘checkSorted’:
exercises.c:83:3: error: unknown type name ‘bool’
   83 |   bool desordenado;
      |   ^~~~
exercises.c:6:1: note: ‘bool’ is defined in header ‘<stdbool.h>’; did you forget to ‘#include <stdbool.h>’?
    5 | #include <string.h>
  +++ |+#include <stdbool.h>
    6 | 
exercises.c:86:3: error: expected expression before ‘}’ token
   86 |   }
      |   ^
exercises.c:83:8: error: unused variable ‘desordenado’ [-Werror=unused-variable]
   83 |   bool desordenado;
      |        ^~~~~~~~~~~
exercises.c:90:1: error: no return statement in function returning non-void [-Werror=return-type]
   90 | }
      | ^
test.c: In function ‘mergeSortedArrays’:
test.c:382:5: error: ‘main’ is normally a non-static function [-Werror=main]
  382 | int main(int argc, char *argv[]) {
      |     ^~~~
test.c:410:1: error: expected declaration or statement at end of input
  410 | }
      | ^
test.c:7:6: error: unused variable ‘msg’ [-Werror=unused-variable]
    7 | char msg[300];
      |      ^~~
At top level:
test.c:382:5: error: ‘main’ defined but not used [-Werror=unused-function]
  382 | int main(int argc, char *argv[]) {
      |     ^~~~
test.c:47:6: error: ‘readIntArray’ defined but not used [-Werror=unused-function]
   47 | void readIntArray(int arr[], int *size) {
      |      ^~~~~~~~~~~~
cc1: all warnings being treated as errors
Compilation failed
7fa9cce
Thu 14 Mar 2024 09:04:19 PM UTC: 
 exercises.c | 4 ++--
 1 file changed, 2 insertions(+), 2 deletions(-)
In file included from test.c:1:
exercises.c: In function ‘checkSorted’:
exercises.c:83:3: error: unknown type name ‘bool’
   83 |   bool desordenado;
      |   ^~~~
exercises.c:6:1: note: ‘bool’ is defined in header ‘<stdbool.h>’; did you forget to ‘#include <stdbool.h>’?
    5 | #include <string.h>
  +++ |+#include <stdbool.h>
    6 | 
exercises.c:86:3: error: expected expression before ‘}’ token
   86 |   }
      |   ^
exercises.c:83:8: error: unused variable ‘desordenado’ [-Werror=unused-variable]
   83 |   bool desordenado;
      |        ^~~~~~~~~~~
exercises.c:90:1: error: no return statement in function returning non-void [-Werror=return-type]
   90 | }
      | ^
exercises.c: In function ‘inicializarLibro’:
exercises.c:115:22: error: invalid type argument of ‘->’ (have ‘Autor’)
  115 |   strcpy(libro->autor->nombre, nombreAutor);
      |                      ^~
exercises.c:116:15: error: invalid type argument of ‘->’ (have ‘Autor’)
  116 |   libro->autor->anioNacimiento = anioNacimiento;
      |               ^~
test.c: In function ‘mergeSortedArrays’:
test.c:382:5: error: ‘main’ is normally a non-static function [-Werror=main]
  382 | int main(int argc, char *argv[]) {
      |     ^~~~
test.c:410:1: error: expected declaration or statement at end of input
  410 | }
      | ^
test.c:7:6: error: unused variable ‘msg’ [-Werror=unused-variable]
    7 | char msg[300];
      |      ^~~
At top level:
test.c:382:5: error: ‘main’ defined but not used [-Werror=unused-function]
  382 | int main(int argc, char *argv[]) {
      |     ^~~~
test.c:47:6: error: ‘readIntArray’ defined but not used [-Werror=unused-function]
   47 | void readIntArray(int arr[], int *size) {
      |      ^~~~~~~~~~~~
cc1: all warnings being treated as errors
Compilation failed
cea33c7
Thu 14 Mar 2024 09:07:34 PM UTC: 
 exercises.c | 8 ++++++--
 1 file changed, 6 insertions(+), 2 deletions(-)
In file included from test.c:1:
exercises.c: In function ‘checkSorted’:
exercises.c:84:3: error: unknown type name ‘bool’
   84 |   bool desordenado;
      |   ^~~~
exercises.c:6:1: note: ‘bool’ is defined in header ‘<stdbool.h>’; did you forget to ‘#include <stdbool.h>’?
    5 | #include <string.h>
  +++ |+#include <stdbool.h>
    6 | 
exercises.c:87:3: error: expected expression before ‘}’ token
   87 |   }
      |   ^
exercises.c:84:8: error: unused variable ‘desordenado’ [-Werror=unused-variable]
   84 |   bool desordenado;
      |        ^~~~~~~~~~~
exercises.c:91:1: error: no return statement in function returning non-void [-Werror=return-type]
   91 | }
      | ^
exercises.c: In function ‘inicializarLibro’:
exercises.c:116:22: error: invalid type argument of ‘->’ (have ‘Autor’)
  116 |   strcpy(libro->autor->nombre, nombreAutor);
      |                      ^~
exercises.c:117:15: error: invalid type argument of ‘->’ (have ‘Autor’)
  117 |   libro->autor->anioNacimiento = anioNacimiento;
      |               ^~
exercises.c: In function ‘crearListaEnlazada’:
exercises.c:140:1: error: no return statement in function returning non-void [-Werror=return-type]
  140 | }
      | ^
test.c: In function ‘print_linked_list’:
test.c:41:11: error: assignment to ‘Nodo *’ from incompatible pointer type ‘struct nodo *’ [-Werror=incompatible-pointer-types]
   41 |     lista = lista->siguiente;
      |           ^
test.c: In function ‘test_crearListaEnlazada’:
test.c:344:17: error: assignment to ‘Nodo *’ from incompatible pointer type ‘struct nodo *’ [-Werror=incompatible-pointer-types]
  344 |           lista = lista->siguiente;
      |                 ^
test.c:349:15: error: assignment to ‘Nodo *’ from incompatible pointer type ‘struct nodo *’ [-Werror=incompatible-pointer-types]
  349 |       current = current->siguiente;
      |               ^
test.c:361:15: error: assignment to ‘Nodo *’ from incompatible pointer type ‘struct nodo *’ [-Werror=incompatible-pointer-types]
  361 |         lista = lista->siguiente;
      |               ^
test.c:370:13: error: assignment to ‘Nodo *’ from incompatible pointer type ‘struct nodo *’ [-Werror=incompatible-pointer-types]
  370 |       lista = lista->siguiente;
      |             ^
test.c: In function ‘mergeSortedArrays’:
test.c:382:5: error: ‘main’ is normally a non-static function [-Werror=main]
  382 | int main(int argc, char *argv[]) {
      |     ^~~~
test.c:410:1: error: expected declaration or statement at end of input
  410 | }
      | ^
test.c:7:6: error: unused variable ‘msg’ [-Werror=unused-variable]
    7 | char msg[300];
      |      ^~~
At top level:
test.c:382:5: error: ‘main’ defined but not used [-Werror=unused-function]
  382 | int main(int argc, char *argv[]) {
      |     ^~~~
test.c:47:6: error: ‘readIntArray’ defined but not used [-Werror=unused-function]
   47 | void readIntArray(int arr[], int *size) {
      |      ^~~~~~~~~~~~
cc1: all warnings being treated as errors
Compilation failed
1834e3c
Thu 14 Mar 2024 09:10:10 PM UTC: 
 exercises.c | 22 +++++++---------------
 1 file changed, 7 insertions(+), 15 deletions(-)
In file included from test.c:1:
exercises.c: In function ‘checkSorted’:
exercises.c:83:45: error: returning ‘void *’ from a function with return type ‘int’ makes integer from pointer without a cast [-Werror=int-conversion]
   83 | int checkSorted(int arr[], int size){return NULL;}
      |                                             ^~~~
test.c: In function ‘print_linked_list’:
test.c:41:11: error: assignment to ‘Nodo *’ from incompatible pointer type ‘struct nodo *’ [-Werror=incompatible-pointer-types]
   41 |     lista = lista->siguiente;
      |           ^
test.c: In function ‘test_crearListaEnlazada’:
test.c:344:17: error: assignment to ‘Nodo *’ from incompatible pointer type ‘struct nodo *’ [-Werror=incompatible-pointer-types]
  344 |           lista = lista->siguiente;
      |                 ^
test.c:349:15: error: assignment to ‘Nodo *’ from incompatible pointer type ‘struct nodo *’ [-Werror=incompatible-pointer-types]
  349 |       current = current->siguiente;
      |               ^
test.c:361:15: error: assignment to ‘Nodo *’ from incompatible pointer type ‘struct nodo *’ [-Werror=incompatible-pointer-types]
  361 |         lista = lista->siguiente;
      |               ^
test.c:370:13: error: assignment to ‘Nodo *’ from incompatible pointer type ‘struct nodo *’ [-Werror=incompatible-pointer-types]
  370 |       lista = lista->siguiente;
      |             ^
In file included from test.c:1:
exercises.c: In function ‘crearListaEnlazada’:
exercises.c:132:1: error: control reaches end of non-void function [-Werror=return-type]
  132 | }
      | ^
cc1: all warnings being treated as errors
Compilation failed
1407d91
Thu 14 Mar 2024 09:10:29 PM UTC: 
 exercises.c | 2 +-
 1 file changed, 1 insertion(+), 1 deletion(-)
test.c: In function ‘print_linked_list’:
test.c:41:11: error: assignment to ‘Nodo *’ from incompatible pointer type ‘struct nodo *’ [-Werror=incompatible-pointer-types]
   41 |     lista = lista->siguiente;
      |           ^
test.c: In function ‘test_crearListaEnlazada’:
test.c:344:17: error: assignment to ‘Nodo *’ from incompatible pointer type ‘struct nodo *’ [-Werror=incompatible-pointer-types]
  344 |           lista = lista->siguiente;
      |                 ^
test.c:349:15: error: assignment to ‘Nodo *’ from incompatible pointer type ‘struct nodo *’ [-Werror=incompatible-pointer-types]
  349 |       current = current->siguiente;
      |               ^
test.c:361:15: error: assignment to ‘Nodo *’ from incompatible pointer type ‘struct nodo *’ [-Werror=incompatible-pointer-types]
  361 |         lista = lista->siguiente;
      |               ^
test.c:370:13: error: assignment to ‘Nodo *’ from incompatible pointer type ‘struct nodo *’ [-Werror=incompatible-pointer-types]
  370 |       lista = lista->siguiente;
      |             ^
In file included from test.c:1:
exercises.c: In function ‘checkSorted’:
exercises.c:83:38: error: control reaches end of non-void function [-Werror=return-type]
   83 | int checkSorted(int arr[], int size){}
      |                                      ^
exercises.c: In function ‘crearListaEnlazada’:
exercises.c:132:1: error: control reaches end of non-void function [-Werror=return-type]
  132 | }
      | ^
cc1: all warnings being treated as errors
Compilation failed
79cf49d
Thu 14 Mar 2024 09:16:43 PM UTC: 
 exercises.c | 20 +++++++++++---------
 1 file changed, 11 insertions(+), 9 deletions(-)
In file included from test.c:1:
exercises.c: In function ‘checkSorted’:
exercises.c:85:1: error: no return statement in function returning non-void [-Werror=return-type]
   85 | }
      | ^
exercises.c: In function ‘inicializarLibro’:
exercises.c:110:22: error: invalid type argument of ‘->’ (have ‘Autor’)
  110 |   strcpy(libro->autor->nombre, nombreAutor);
      |                      ^~
exercises.c:111:15: error: invalid type argument of ‘->’ (have ‘Autor’)
  111 |   libro->autor->anioNacimiento = anioNacimiento;
      |               ^~
exercises.c: In function ‘crearListaEnlazada’:
exercises.c:134:1: error: no return statement in function returning non-void [-Werror=return-type]
  134 | }
      | ^
test.c: In function ‘print_linked_list’:
test.c:41:11: error: assignment to ‘Nodo *’ from incompatible pointer type ‘struct nodo *’ [-Werror=incompatible-pointer-types]
   41 |     lista = lista->siguiente;
      |           ^
test.c: In function ‘test_crearListaEnlazada’:
test.c:344:17: error: assignment to ‘Nodo *’ from incompatible pointer type ‘struct nodo *’ [-Werror=incompatible-pointer-types]
  344 |           lista = lista->siguiente;
      |                 ^
test.c:349:15: error: assignment to ‘Nodo *’ from incompatible pointer type ‘struct nodo *’ [-Werror=incompatible-pointer-types]
  349 |       current = current->siguiente;
      |               ^
test.c:361:15: error: assignment to ‘Nodo *’ from incompatible pointer type ‘struct nodo *’ [-Werror=incompatible-pointer-types]
  361 |         lista = lista->siguiente;
      |               ^
test.c:370:13: error: assignment to ‘Nodo *’ from incompatible pointer type ‘struct nodo *’ [-Werror=incompatible-pointer-types]
  370 |       lista = lista->siguiente;
      |             ^
test.c: In function ‘mergeSortedArrays’:
test.c:382:5: error: ‘main’ is normally a non-static function [-Werror=main]
  382 | int main(int argc, char *argv[]) {
      |     ^~~~
test.c:410:1: error: expected declaration or statement at end of input
  410 | }
      | ^
test.c:7:6: error: unused variable ‘msg’ [-Werror=unused-variable]
    7 | char msg[300];
      |      ^~~
At top level:
test.c:382:5: error: ‘main’ defined but not used [-Werror=unused-function]
  382 | int main(int argc, char *argv[]) {
      |     ^~~~
test.c:47:6: error: ‘readIntArray’ defined but not used [-Werror=unused-function]
   47 | void readIntArray(int arr[], int *size) {
      |      ^~~~~~~~~~~~
cc1: all warnings being treated as errors
Compilation failed
0311210
Thu 14 Mar 2024 09:17:49 PM UTC: 
 exercises.c | 13 +++++++------
 1 file changed, 7 insertions(+), 6 deletions(-)
In file included from test.c:1:
exercises.c:115:1: error: "/*" within comment [-Werror=comment]
  115 | /*
      |  
test.c:37:24: error: unknown type name ‘Nodo’
   37 | void print_linked_list(Nodo* lista) {
      |                        ^~~~
test.c: In function ‘test_mergeSort’:
test.c:204:3: error: implicit declaration of function ‘mergeSortedArrays’ [-Werror=implicit-function-declaration]
  204 |   mergeSortedArrays(arr1, size1, arr2, size2, result);
      |   ^~~~~~~~~~~~~~~~~
test.c: In function ‘test_checkSorted’:
test.c:258:18: error: implicit declaration of function ‘checkSorted’; did you mean ‘test_checkSorted’? [-Werror=implicit-function-declaration]
  258 |     int result = checkSorted(arr, size);
      |                  ^~~~~~~~~~~
      |                  test_checkSorted
test.c: At top level:
test.c:289:26: error: unknown type name ‘Libro’
  289 | void imprimirLibro(const Libro *libro) {
      |                          ^~~~~
test.c: In function ‘imprimirLibro’:
test.c:290:35: error: request for member ‘titulo’ in something not a structure or union
  290 |   printf("    Título: %s\n", libro->titulo);
      |                                   ^~
test.c:291:50: error: request for member ‘autor’ in something not a structure or union
  291 |   printf("    Autor: %s (Nacido en: %d)\n", libro->autor.nombre, libro->autor.anioNacimiento);
      |                                                  ^~
test.c:291:71: error: request for member ‘autor’ in something not a structure or union
  291 |   printf("    Autor: %s (Nacido en: %d)\n", libro->autor.nombre, libro->autor.anioNacimiento);
      |                                                                       ^~
test.c:292:47: error: request for member ‘anioPublicacion’ in something not a structure or union
  292 |   printf("    Año de Publicación: %d\n", libro->anioPublicacion);
      |                                               ^~
test.c: In function ‘test_biblioteca’:
test.c:296:3: error: unknown type name ‘Libro’
  296 |   Libro libro;
      |   ^~~~~
test.c:306:5: error: implicit declaration of function ‘inicializarLibro’ [-Werror=implicit-function-declaration]
  306 |     inicializarLibro(&libro, titulos[i], autores[i], aniosNacimiento[i],
      |     ^~~~~~~~~~~~~~~~
test.c:312:21: error: request for member ‘titulo’ in something not a structure or union
  312 |     if (strcmp(libro.titulo, titulos[i]) != 0 ||
      |                     ^
test.c:313:21: error: request for member ‘autor’ in something not a structure or union
  313 |         strcmp(libro.autor.nombre, autores[i]) != 0 ||
      |                     ^
test.c:314:14: error: request for member ‘autor’ in something not a structure or union
  314 |         libro.autor.anioNacimiento != aniosNacimiento[i] ||
      |              ^
test.c:315:14: error: request for member ‘anioPublicacion’ in something not a structure or union
  315 |         libro.anioPublicacion != aniosPublicacion[i]) {
      |              ^
test.c: In function ‘test_crearListaEnlazada’:
test.c:331:5: error: unknown type name ‘Nodo’
  331 |     Nodo* lista = crearListaEnlazada(arr, size);
      |     ^~~~
test.c:331:19: error: implicit declaration of function ‘crearListaEnlazada’; did you mean ‘test_crearListaEnlazada’? [-Werror=implicit-function-declaration]
  331 |     Nodo* lista = crearListaEnlazada(arr, size);
      |                   ^~~~~~~~~~~~~~~~~~
      |                   test_crearListaEnlazada
test.c:331:19: error: initialization of ‘int *’ from ‘int’ makes pointer from integer without a cast [-Werror=int-conversion]
test.c:333:5: error: unknown type name ‘Nodo’
  333 |     Nodo* current = lista;
      |     ^~~~
test.c:336:37: error: request for member ‘numero’ in something not a structure or union
  336 |       if (current == NULL || current->numero != arr[i]) {
      |                                     ^~
test.c:339:9: error: implicit declaration of function ‘print_linked_list’ [-Werror=implicit-function-declaration]
  339 |         print_linked_list(lista);
      |         ^~~~~~~~~~~~~~~~~
test.c:343:11: error: unknown type name ‘Nodo’
  343 |           Nodo* temp = lista;
      |           ^~~~
test.c:344:24: error: request for member ‘siguiente’ in something not a structure or union
  344 |           lista = lista->siguiente;
      |                        ^~
test.c:349:24: error: request for member ‘siguiente’ in something not a structure or union
  349 |       current = current->siguiente;
      |                        ^~
test.c:360:9: error: unknown type name ‘Nodo’
  360 |         Nodo* temp = lista;
      |         ^~~~
test.c:361:22: error: request for member ‘siguiente’ in something not a structure or union
  361 |         lista = lista->siguiente;
      |                      ^~
test.c:369:7: error: unknown type name ‘Nodo’
  369 |       Nodo* temp = lista;
      |       ^~~~
test.c:370:20: error: request for member ‘siguiente’ in something not a structure or union
  370 |       lista = lista->siguiente;
      |                    ^~
cc1: all warnings being treated as errors
Compilation failed
312378b
Thu 14 Mar 2024 09:18:56 PM UTC: 
 exercises.c | 31 ++++++++++++-------------------
 1 file changed, 12 insertions(+), 19 deletions(-)
In file included from test.c:1:
exercises.c: In function ‘checkSorted’:
exercises.c:81:69: error: expected expression before ‘}’ token
   81 |   int checkSorted(int arr[], int size) { for (int i = 0; i < size;) }
      |                                                                     ^
exercises.c:81:69: error: no return statement in function returning non-void [-Werror=return-type]
exercises.c: In function ‘inicializarLibro’:
exercises.c:107:24: error: invalid type argument of ‘->’ (have ‘Autor’)
  107 |     strcpy(libro->autor->nombre, nombreAutor);
      |                        ^~
exercises.c:108:17: error: invalid type argument of ‘->’ (have ‘Autor’)
  108 |     libro->autor->anioNacimiento = anioNacimiento;
      |                 ^~
exercises.c: In function ‘crearListaEnlazada’:
exercises.c:128:3: error: no return statement in function returning non-void [-Werror=return-type]
  128 |   Nodo *crearListaEnlazada(int arr[], int size) {}
      |   ^~~~
test.c: In function ‘print_linked_list’:
test.c:41:11: error: assignment to ‘Nodo *’ from incompatible pointer type ‘struct nodo *’ [-Werror=incompatible-pointer-types]
   41 |     lista = lista->siguiente;
      |           ^
test.c: In function ‘test_crearListaEnlazada’:
test.c:344:17: error: assignment to ‘Nodo *’ from incompatible pointer type ‘struct nodo *’ [-Werror=incompatible-pointer-types]
  344 |           lista = lista->siguiente;
      |                 ^
test.c:349:15: error: assignment to ‘Nodo *’ from incompatible pointer type ‘struct nodo *’ [-Werror=incompatible-pointer-types]
  349 |       current = current->siguiente;
      |               ^
test.c:361:15: error: assignment to ‘Nodo *’ from incompatible pointer type ‘struct nodo *’ [-Werror=incompatible-pointer-types]
  361 |         lista = lista->siguiente;
      |               ^
test.c:370:13: error: assignment to ‘Nodo *’ from incompatible pointer type ‘struct nodo *’ [-Werror=incompatible-pointer-types]
  370 |       lista = lista->siguiente;
      |             ^
test.c: In function ‘mergeSortedArrays’:
test.c:382:5: error: ‘main’ is normally a non-static function [-Werror=main]
  382 | int main(int argc, char *argv[]) {
      |     ^~~~
test.c:410:1: error: expected declaration or statement at end of input
  410 | }
      | ^
test.c:7:6: error: unused variable ‘msg’ [-Werror=unused-variable]
    7 | char msg[300];
      |      ^~~
At top level:
test.c:382:5: error: ‘main’ defined but not used [-Werror=unused-function]
  382 | int main(int argc, char *argv[]) {
      |     ^~~~
test.c:47:6: error: ‘readIntArray’ defined but not used [-Werror=unused-function]
   47 | void readIntArray(int arr[], int *size) {
      |      ^~~~~~~~~~~~
cc1: all warnings being treated as errors
Compilation failed
0959bad
Thu 14 Mar 2024 11:39:29 PM UTC: 
 exercises.c | 3 ++-
 1 file changed, 2 insertions(+), 1 deletion(-)
In file included from test.c:1:
exercises.c: In function ‘checkSorted’:
exercises.c:82:69: error: expected expression before ‘}’ token
   82 |   int checkSorted(int arr[], int size) { for (int i = 0; i < size;) }
      |                                                                     ^
exercises.c:82:69: error: no return statement in function returning non-void [-Werror=return-type]
exercises.c: In function ‘inicializarLibro’:
exercises.c:108:24: error: invalid type argument of ‘->’ (have ‘Autor’)
  108 |     strcpy(libro->autor->nombre, nombreAutor);
      |                        ^~
exercises.c:109:17: error: invalid type argument of ‘->’ (have ‘Autor’)
  109 |     libro->autor->anioNacimiento = anioNacimiento;
      |                 ^~
exercises.c: In function ‘crearListaEnlazada’:
exercises.c:129:3: error: no return statement in function returning non-void [-Werror=return-type]
  129 |   Nodo *crearListaEnlazada(int arr[], int size) {}
      |   ^~~~
test.c: In function ‘print_linked_list’:
test.c:41:11: error: assignment to ‘Nodo *’ from incompatible pointer type ‘struct nodo *’ [-Werror=incompatible-pointer-types]
   41 |     lista = lista->siguiente;
      |           ^
test.c: In function ‘test_crearListaEnlazada’:
test.c:344:17: error: assignment to ‘Nodo *’ from incompatible pointer type ‘struct nodo *’ [-Werror=incompatible-pointer-types]
  344 |           lista = lista->siguiente;
      |                 ^
test.c:349:15: error: assignment to ‘Nodo *’ from incompatible pointer type ‘struct nodo *’ [-Werror=incompatible-pointer-types]
  349 |       current = current->siguiente;
      |               ^
test.c:361:15: error: assignment to ‘Nodo *’ from incompatible pointer type ‘struct nodo *’ [-Werror=incompatible-pointer-types]
  361 |         lista = lista->siguiente;
      |               ^
test.c:370:13: error: assignment to ‘Nodo *’ from incompatible pointer type ‘struct nodo *’ [-Werror=incompatible-pointer-types]
  370 |       lista = lista->siguiente;
      |             ^
test.c: In function ‘mergeSortedArrays’:
test.c:382:5: error: ‘main’ is normally a non-static function [-Werror=main]
  382 | int main(int argc, char *argv[]) {
      |     ^~~~
test.c:410:1: error: expected declaration or statement at end of input
  410 | }
      | ^
test.c:7:6: error: unused variable ‘msg’ [-Werror=unused-variable]
    7 | char msg[300];
      |      ^~~
At top level:
test.c:382:5: error: ‘main’ defined but not used [-Werror=unused-function]
  382 | int main(int argc, char *argv[]) {
      |     ^~~~
test.c:47:6: error: ‘readIntArray’ defined but not used [-Werror=unused-function]
   47 | void readIntArray(int arr[], int *size) {
      |      ^~~~~~~~~~~~
cc1: all warnings being treated as errors
Compilation failed
e97e1a1
Thu 14 Mar 2024 11:39:49 PM UTC: 
 exercises.c | 2 +-
 1 file changed, 1 insertion(+), 1 deletion(-)
In file included from test.c:1:
exercises.c: In function ‘inicializarLibro’:
exercises.c:108:24: error: invalid type argument of ‘->’ (have ‘Autor’)
  108 |     strcpy(libro->autor->nombre, nombreAutor);
      |                        ^~
exercises.c:109:17: error: invalid type argument of ‘->’ (have ‘Autor’)
  109 |     libro->autor->anioNacimiento = anioNacimiento;
      |                 ^~
exercises.c: In function ‘crearListaEnlazada’:
exercises.c:129:3: error: no return statement in function returning non-void [-Werror=return-type]
  129 |   Nodo *crearListaEnlazada(int arr[], int size) {}
      |   ^~~~
test.c: In function ‘print_linked_list’:
test.c:41:11: error: assignment to ‘Nodo *’ from incompatible pointer type ‘struct nodo *’ [-Werror=incompatible-pointer-types]
   41 |     lista = lista->siguiente;
      |           ^
test.c: In function ‘test_crearListaEnlazada’:
test.c:344:17: error: assignment to ‘Nodo *’ from incompatible pointer type ‘struct nodo *’ [-Werror=incompatible-pointer-types]
  344 |           lista = lista->siguiente;
      |                 ^
test.c:349:15: error: assignment to ‘Nodo *’ from incompatible pointer type ‘struct nodo *’ [-Werror=incompatible-pointer-types]
  349 |       current = current->siguiente;
      |               ^
test.c:361:15: error: assignment to ‘Nodo *’ from incompatible pointer type ‘struct nodo *’ [-Werror=incompatible-pointer-types]
  361 |         lista = lista->siguiente;
      |               ^
test.c:370:13: error: assignment to ‘Nodo *’ from incompatible pointer type ‘struct nodo *’ [-Werror=incompatible-pointer-types]
  370 |       lista = lista->siguiente;
      |             ^
test.c: In function ‘checkSorted’:
test.c:382:5: error: ‘main’ is normally a non-static function [-Werror=main]
  382 | int main(int argc, char *argv[]) {
      |     ^~~~
test.c:410:1: error: expected declaration or statement at end of input
  410 | }
      | ^
test.c:7:6: error: unused variable ‘msg’ [-Werror=unused-variable]
    7 | char msg[300];
      |      ^~~
test.c:410:1: error: no return statement in function returning non-void [-Werror=return-type]
  410 | }
      | ^
test.c: In function ‘mergeSortedArrays’:
test.c:410:1: error: expected declaration or statement at end of input
At top level:
test.c:382:5: error: ‘main’ defined but not used [-Werror=unused-function]
  382 | int main(int argc, char *argv[]) {
      |     ^~~~
test.c:47:6: error: ‘readIntArray’ defined but not used [-Werror=unused-function]
   47 | void readIntArray(int arr[], int *size) {
      |      ^~~~~~~~~~~~
cc1: all warnings being treated as errors
Compilation failed
50eb930
Fri 15 Mar 2024 12:57:35 AM UTC: 
 exercises.c | 2 +-
 1 file changed, 1 insertion(+), 1 deletion(-)
In file included from test.c:1:
exercises.c: In function ‘inicializarLibro’:
exercises.c:108:24: error: invalid type argument of ‘->’ (have ‘Autor’)
  108 |     strcpy(libro->autor->nombre, nombreAutor);
      |                        ^~
exercises.c:109:17: error: invalid type argument of ‘->’ (have ‘Autor’)
  109 |     libro->autor->anioNacimiento = anioNacimiento;
      |                 ^~
exercises.c: In function ‘crearListaEnlazada’:
exercises.c:129:3: error: no return statement in function returning non-void [-Werror=return-type]
  129 |   Nodo *crearListaEnlazada(int arr[], int size) {}
      |   ^~~~
test.c: In function ‘print_linked_list’:
test.c:41:11: error: assignment to ‘Nodo *’ from incompatible pointer type ‘struct nodo *’ [-Werror=incompatible-pointer-types]
   41 |     lista = lista->siguiente;
      |           ^
test.c: In function ‘test_crearListaEnlazada’:
test.c:344:17: error: assignment to ‘Nodo *’ from incompatible pointer type ‘struct nodo *’ [-Werror=incompatible-pointer-types]
  344 |           lista = lista->siguiente;
      |                 ^
test.c:349:15: error: assignment to ‘Nodo *’ from incompatible pointer type ‘struct nodo *’ [-Werror=incompatible-pointer-types]
  349 |       current = current->siguiente;
      |               ^
test.c:361:15: error: assignment to ‘Nodo *’ from incompatible pointer type ‘struct nodo *’ [-Werror=incompatible-pointer-types]
  361 |         lista = lista->siguiente;
      |               ^
test.c:370:13: error: assignment to ‘Nodo *’ from incompatible pointer type ‘struct nodo *’ [-Werror=incompatible-pointer-types]
  370 |       lista = lista->siguiente;
      |             ^
test.c: In function ‘checkSorted’:
test.c:382:5: error: ‘main’ is normally a non-static function [-Werror=main]
  382 | int main(int argc, char *argv[]) {
      |     ^~~~
test.c:410:1: error: expected declaration or statement at end of input
  410 | }
      | ^
test.c:7:6: error: unused variable ‘msg’ [-Werror=unused-variable]
    7 | char msg[300];
      |      ^~~
test.c:411: error: control reaches end of non-void function [-Werror=return-type]
At top level:
test.c:382:5: error: ‘main’ defined but not used [-Werror=unused-function]
  382 | int main(int argc, char *argv[]) {
      |     ^~~~
test.c:47:6: error: ‘readIntArray’ defined but not used [-Werror=unused-function]
   47 | void readIntArray(int arr[], int *size) {
      |      ^~~~~~~~~~~~
cc1: all warnings being treated as errors
Compilation failed
9bf3ec0
Fri 15 Mar 2024 12:57:58 AM UTC: 
 exercises.c | 4 ++--
 1 file changed, 2 insertions(+), 2 deletions(-)
In file included from test.c:1:
exercises.c: In function ‘crearListaEnlazada’:
exercises.c:129:3: error: no return statement in function returning non-void [-Werror=return-type]
  129 |   Nodo *crearListaEnlazada(int arr[], int size) {}
      |   ^~~~
test.c: In function ‘print_linked_list’:
test.c:41:11: error: assignment to ‘Nodo *’ from incompatible pointer type ‘struct nodo *’ [-Werror=incompatible-pointer-types]
   41 |     lista = lista->siguiente;
      |           ^
test.c: In function ‘test_crearListaEnlazada’:
test.c:344:17: error: assignment to ‘Nodo *’ from incompatible pointer type ‘struct nodo *’ [-Werror=incompatible-pointer-types]
  344 |           lista = lista->siguiente;
      |                 ^
test.c:349:15: error: assignment to ‘Nodo *’ from incompatible pointer type ‘struct nodo *’ [-Werror=incompatible-pointer-types]
  349 |       current = current->siguiente;
      |               ^
test.c:361:15: error: assignment to ‘Nodo *’ from incompatible pointer type ‘struct nodo *’ [-Werror=incompatible-pointer-types]
  361 |         lista = lista->siguiente;
      |               ^
test.c:370:13: error: assignment to ‘Nodo *’ from incompatible pointer type ‘struct nodo *’ [-Werror=incompatible-pointer-types]
  370 |       lista = lista->siguiente;
      |             ^
test.c: In function ‘checkSorted’:
test.c:382:5: error: ‘main’ is normally a non-static function [-Werror=main]
  382 | int main(int argc, char *argv[]) {
      |     ^~~~
test.c:410:1: error: expected declaration or statement at end of input
  410 | }
      | ^
test.c:7:6: error: unused variable ‘msg’ [-Werror=unused-variable]
    7 | char msg[300];
      |      ^~~
test.c:411: error: control reaches end of non-void function [-Werror=return-type]
At top level:
test.c:382:5: error: ‘main’ defined but not used [-Werror=unused-function]
  382 | int main(int argc, char *argv[]) {
      |     ^~~~
test.c:47:6: error: ‘readIntArray’ defined but not used [-Werror=unused-function]
   47 | void readIntArray(int arr[], int *size) {
      |      ^~~~~~~~~~~~
cc1: all warnings being treated as errors
Compilation failed
c07be16
Fri 15 Mar 2024 01:00:20 AM UTC: 
 exercises.c | 17 +++++------------
 1 file changed, 5 insertions(+), 12 deletions(-)
 tests:  0|3
total_score: 40/70
6fb7784
Fri 15 Mar 2024 01:06:03 AM UTC: 
 exercises.c | 7 ++++++-
 1 file changed, 6 insertions(+), 1 deletion(-)
In file included from test.c:1:
exercises.c: In function ‘checkSorted’:
exercises.c:83:3: error: unknown type name ‘bool’
   83 |   bool ascendente = true;
      |   ^~~~
exercises.c:6:1: note: ‘bool’ is defined in header ‘<stdbool.h>’; did you forget to ‘#include <stdbool.h>’?
    5 | #include <string.h>
  +++ |+#include <stdbool.h>
    6 | 
exercises.c:83:21: error: ‘true’ undeclared (first use in this function)
   83 |   bool ascendente = true;
      |                     ^~~~
exercises.c:83:21: note: ‘true’ is defined in header ‘<stdbool.h>’; did you forget to ‘#include <stdbool.h>’?
exercises.c:83:21: note: each undeclared identifier is reported only once for each function it appears in
exercises.c:84:3: error: unknown type name ‘bool’
   84 |   bool descendiente = true;
      |   ^~~~
exercises.c:84:3: note: ‘bool’ is defined in header ‘<stdbool.h>’; did you forget to ‘#include <stdbool.h>’?
exercises.c:84:8: error: unused variable ‘descendiente’ [-Werror=unused-variable]
   84 |   bool descendiente = true;
      |        ^~~~~~~~~~~~
exercises.c:83:8: error: unused variable ‘ascendente’ [-Werror=unused-variable]
   83 |   bool ascendente = true;
      |        ^~~~~~~~~~
exercises.c:87:1: error: control reaches end of non-void function [-Werror=return-type]
   87 | }
      | ^
cc1: all warnings being treated as errors
Compilation failed
d281383
Fri 15 Mar 2024 01:11:12 AM UTC: 
 exercises.c | 16 +++++++++++++++-
 1 file changed, 15 insertions(+), 1 deletion(-)
In file included from test.c:1:
exercises.c: In function ‘checkSorted’:
exercises.c:83:3: error: unknown type name ‘bool’
   83 |   bool ascendente = true;
      |   ^~~~
exercises.c:6:1: note: ‘bool’ is defined in header ‘<stdbool.h>’; did you forget to ‘#include <stdbool.h>’?
    5 | #include <string.h>
  +++ |+#include <stdbool.h>
    6 | 
exercises.c:83:21: error: ‘true’ undeclared (first use in this function)
   83 |   bool ascendente = true;
      |                     ^~~~
exercises.c:83:21: note: ‘true’ is defined in header ‘<stdbool.h>’; did you forget to ‘#include <stdbool.h>’?
exercises.c:83:21: note: each undeclared identifier is reported only once for each function it appears in
exercises.c:84:3: error: unknown type name ‘bool’
   84 |   bool descendiente = true;
      |   ^~~~
exercises.c:84:3: note: ‘bool’ is defined in header ‘<stdbool.h>’; did you forget to ‘#include <stdbool.h>’?
exercises.c:87:22: error: ‘false’ undeclared (first use in this function)
   87 |       descendiente = false;
      |                      ^~~~~
exercises.c:87:22: note: ‘false’ is defined in header ‘<stdbool.h>’; did you forget to ‘#include <stdbool.h>’?
Compilation failed
31ce11a
Fri 15 Mar 2024 01:11:30 AM UTC: 
 exercises.c | 2 ++
 1 file changed, 2 insertions(+)
 tests:  0|3
total_score: 40/70
6fdeb98
Fri 15 Mar 2024 01:12:02 AM UTC: 
 exercises.c | 10 ++++------
 1 file changed, 4 insertions(+), 6 deletions(-)
 tests:  0|3
total_score: 40/70
f6aa2e3
Fri 15 Mar 2024 01:14:03 AM UTC: 
 exercises.c | 4 ++--
 1 file changed, 2 insertions(+), 2 deletions(-)
 tests:  0|3
total_score: 40/70
8f00a1d
Fri 15 Mar 2024 01:14:44 AM UTC: 
 exercises.c | 4 ++--
 1 file changed, 2 insertions(+), 2 deletions(-)
 tests:  0|2
total_score: 50/70
d98b8b4
Fri 15 Mar 2024 01:20:49 AM UTC: 
 exercises.c | 10 ++++++++--
 1 file changed, 8 insertions(+), 2 deletions(-)
 tests:  0|2
total_score: 50/70
9837a90
Fri 15 Mar 2024 02:10:36 PM UTC: 
 exercises.c | 4 ++--
 1 file changed, 2 insertions(+), 2 deletions(-)
In file included from test.c:1:
exercises.c: In function ‘inicializarLibro’:
exercises.c:125:10: error: passing argument 1 of ‘strcpy’ discards ‘const’ qualifier from pointer target type [-Werror=discarded-qualifiers]
  125 |   strcpy(titulo, libro->titulo);
      |          ^~~~~~
In file included from /nix/store/4pqv2mwdn88h7xvsm7a5zplrd8sxzvw0-glibc-2.35-163-dev/include/features.h:490,
                 from /nix/store/4pqv2mwdn88h7xvsm7a5zplrd8sxzvw0-glibc-2.35-163-dev/include/ctype.h:25,
                 from exercises.c:1,
                 from test.c:1:
/nix/store/4pqv2mwdn88h7xvsm7a5zplrd8sxzvw0-glibc-2.35-163-dev/include/bits/string_fortified.h:77:1: note: expected ‘char * restrict’ but argument is of type ‘const char *’
   77 | __NTH (strcpy (char *__restrict __dest, const char *__restrict __src))
      | ^~~~~
In file included from test.c:1:
exercises.c:126:10: error: passing argument 1 of ‘strcpy’ discards ‘const’ qualifier from pointer target type [-Werror=discarded-qualifiers]
  126 |   strcpy(nombreAutor, libro->autor.nombre);
      |          ^~~~~~~~~~~
In file included from /nix/store/4pqv2mwdn88h7xvsm7a5zplrd8sxzvw0-glibc-2.35-163-dev/include/features.h:490,
                 from /nix/store/4pqv2mwdn88h7xvsm7a5zplrd8sxzvw0-glibc-2.35-163-dev/include/ctype.h:25,
                 from exercises.c:1,
                 from test.c:1:
/nix/store/4pqv2mwdn88h7xvsm7a5zplrd8sxzvw0-glibc-2.35-163-dev/include/bits/string_fortified.h:77:1: note: expected ‘char * restrict’ but argument is of type ‘const char *’
   77 | __NTH (strcpy (char *__restrict __dest, const char *__restrict __src))
      | ^~~~~
cc1: all warnings being treated as errors
Compilation failed
f021d3e
Fri 15 Mar 2024 02:12:18 PM UTC: 
 exercises.c | 4 ++--
 1 file changed, 2 insertions(+), 2 deletions(-)
 tests:  0|0
41cf310
